********************************************************************************
DUPLICATOR-LITE PACKAGE-LOG: 3 February 2022 13h27
NOTICE: Do NOT post to public sites or forums 
********************************************************************************
VERSION:	1.4.4
WORDPRESS:	5.9
PHP INFO:	7.4.21 | SAPI: apache2handler
SERVER:		Apache/2.4.46 (Unix) OpenSSL/1.0.2u PHP/7.4.21 mod_wsgi/3.5 Python/2.7.13 mod_fastcgi/mod_fastcgi-SNAP-0910052141 mod_perl/2.0.11 Perl/v5.30.1 
PHP TIME LIMIT: (0) no time limit imposed 
PHP MAX MEMORY: 4294967296 (128M default) 
MEMORY STACK: 24.5MB

********************************************************************************
DATABASE:
********************************************************************************
BUILD MODE:   PHP(query limit - 100)
MYSQLTIMEOUT: 5000
MYSQLDUMP:    Not Supported
TABLES: total:13 | filtered:0 | create:13
FILTERED: []
SQL CREATED: 20220203_zayshop_02f783f035aa6efa1804_20220203132704_database.sql
SQL FILE SIZE: 818.68KB (838327)
SQL FILE TIME: 2022-02-03 13:27:16
SQL RUNTIME: 0.29 sec.

********************************************************************************
ARCHIVE (ZIP):
********************************************************************************
ARCHIVE DIR:  /Applications/MAMP/htdocs/zayshop
ARCHIVE FILE: 20220203_zayshop_02f783f035aa6efa1804_20220203132704_archive.zip
FILTERS: *OFF*
DIRS:
	not set
FILES:
	not set
EXTS:  not set
----------------------------------------
COMPRESSING
SIZE:	79.67MB
STATS:	Dirs 597 | Files 4,014
SQL ADDED: 20220203_zayshop_02f783f035aa6efa1804_20220203132704_database.sql
ZipArchive Object
(
    [status] => 0
    [statusSys] => 0
    [numFiles] => 4611
    [filename] => /Applications/MAMP/htdocs/zayshop/wp-content/backups-dup-lite/tmp/20220203_zayshop_02f783f035aa6efa1804_20220203132704_archive.zip
    [comment] => 
)

FILE ADDED TO ZIP: 4610
COMPRESSION RESULT: '1'
COMPRESSED SIZE: 29.3MB
ARCHIVE RUNTIME: 17.00 sec.
MEMORY STACK: 26.5MB
building installer
add_extra_files1
add_extra_files2
add_extra_files3
add_extra_files4
Doing archive file check
add_extra_files5
add_extra_files6
add_extra_files8
Successfully opened zip /Applications/MAMP/htdocs/zayshop/wp-content/backups-dup-lite/tmp/20220203_zayshop_02f783f035aa6efa1804_20220203132704_archive.zip
Adding enhanced installer files to archive using ZipArchive
Installer files added to archive
Added to archive
After ziparchive close when adding installer

********************************************************************************
INTEGRITY CHECKS:
********************************************************************************
SQL FILE: 818.68KB
INSTALLER FILE: 64.59KB
ARCHIVE FILE: 30.32MB 
COMPTE ATTENDU DE FICHIERS/RÉPERTOIRES : 4,611
COMPTE ACTUEL DE FICHIERS/RÉPERTOIRES : 4,610
TEST DE COHÉRENCE D’ARCHIVE : Bon

********************************************************************************
RECORD ID:[1]
TOTAL PROCESS RUNTIME: 21.92 sec.
PEAK PHP MEMORY USED: 26.5MB
DONE PROCESSING => 20220203_zayshop 3 February 2022 13h27

